[handleMsg]:  { from: '584241604932', to: '584122650987', body: 'Hola' }
[QUEUE_SE_ENVIO]:  {
  ref: 'ans_43c4d81a-4942-4c94-b800-0a0dc991b1f3',
  keyword: 'key_d1f58231-fc3e-4899-822d-3f4c5409ab3d',
  answer: '__call_action__',
  options: {
    media: null,
    buttons: [],
    capture: false,
    child: null,
    delay: 0,
    idle: null,
    ref: null,
    nested: [],
    keyword: {},
    callback: true
  },
  refSerialize: 'cb12eebb250b9d53673638df801668f4'
}
[handleMsg]:  { from: '584241604932', to: '584122650987', body: 'Hola' }
