584247182145:ENCOLADO ans_b88ad037-8353-4469-91a1-c3ef93935788
EJECUTANDO:ans_b88ad037-8353-4469-91a1-c3ef93935788
584247182145:SUCCESS
584247182145:ENCOLADO ans_b88ad037-8353-4469-91a1-c3ef93935788
EJECUTANDO:ans_b88ad037-8353-4469-91a1-c3ef93935788
584247182145:SUCCESS
584247182145:ENCOLADO ans_b88ad037-8353-4469-91a1-c3ef93935788
EJECUTANDO:ans_b88ad037-8353-4469-91a1-c3ef93935788
584247182145:SUCCESS
584247182145:ENCOLADO ans_50764138-d7e4-4721-aeff-bcf85ad02fbf
EJECUTANDO:ans_50764138-d7e4-4721-aeff-bcf85ad02fbf
584247182145:SUCCESS
584247182145:ENCOLADO ans_b88ad037-8353-4469-91a1-c3ef93935788
EJECUTANDO:ans_b88ad037-8353-4469-91a1-c3ef93935788
584247182145:SUCCESS
584247182145:ENCOLADO ans_50764138-d7e4-4721-aeff-bcf85ad02fbf
EJECUTANDO:ans_50764138-d7e4-4721-aeff-bcf85ad02fbf
584247182145:SUCCESS
584247182145:ENCOLADO ans_b88ad037-8353-4469-91a1-c3ef93935788
EJECUTANDO:ans_b88ad037-8353-4469-91a1-c3ef93935788
584247182145:SUCCESS
